<?xml version="1.0" encoding="UTF-8"?>
<!-- Generated by org.testng.reporters.JUnitReportReporter -->
<testsuite hostname="Clark-PC" name="com.ccigmall.auto.test.step.pc.retailer.booking.AddFutureShoppingCartStep" tests="1" failures="0" timestamp="3 Feb 2015 06:45:00 GMT" time="24.445" errors="0">
  <testcase name="testAddFutureShoppingCart" time="24.445" classname="com.ccigmall.auto.test.step.pc.retailer.booking.AddFutureShoppingCartStep"/>
</testsuite> <!-- com.ccigmall.auto.test.step.pc.retailer.booking.AddFutureShoppingCartStep -->
