<?xml version="1.0" encoding="UTF-8"?>
<!-- Generated by org.testng.reporters.JUnitReportReporter -->
<testsuite hostname="Clark-PC" name="com.ccigmall.auto.test.step.pc.retailer.booking.AddSpotShoppingCartStep" tests="1" failures="0" timestamp="3 Feb 2015 06:44:27 GMT" time="73.589" errors="0">
  <testcase name="testAddShoppingCart" time="73.589" classname="com.ccigmall.auto.test.step.pc.retailer.booking.AddSpotShoppingCartStep"/>
</testsuite> <!-- com.ccigmall.auto.test.step.pc.retailer.booking.AddSpotShoppingCartStep -->
